<?xml version="1.0" encoding="UTF-8"?>
<!-- Generated by org.testng.reporters.JUnitReportReporter -->
<testsuite hostname="Les-MacBook-Pro.local" failures="0" tests="1" name="Titan.DealerAppraisalPT.TestCase.TellUsAboutYourSelf" time="2.123" errors="0" timestamp="2020-03-21T10:50:28 ICT" skipped="0">
  <testcase classname="Titan.DealerAppraisalPT.TestCase.TellUsAboutYourSelf" name="f" time="2.123"/>
  <system-out/>
</testsuite> <!-- Titan.DealerAppraisalPT.TestCase.TellUsAboutYourSelf -->
