<?xml version="1.0" encoding="UTF-8"?>
<!-- Generated by org.testng.reporters.JUnitReportReporter -->
<testsuite skipped="0" hostname="PC" name="Titan.DealerAppraisalPT.TestCase.TellUsAboutYourSelf" tests="1" failures="0" timestamp="2020-03-21T01:48:24 ICT" time="19.489" errors="0">
  <testcase name="f" time="19.489" classname="Titan.DealerAppraisalPT.TestCase.TellUsAboutYourSelf"/>
  <system-out/>
</testsuite> <!-- Titan.DealerAppraisalPT.TestCase.TellUsAboutYourSelf -->
